  [1m[35m (364.2ms)[0m  [1m[35mCREATE DATABASE "record-app_development" ENCODING = 'unicode'[0m
  ↳ bin/rails:9
  [1m[35m (244.7ms)[0m  [1m[35mCREATE DATABASE "record-app_test" ENCODING = 'unicode'[0m
  ↳ bin/rails:9
  [1m[35m (23.3ms)[0m  [1m[35mCREATE TABLE "schema_migrations" ("version" character varying NOT NULL PRIMARY KEY)[0m
  ↳ bin/rails:9
  [1m[35m (2.4ms)[0m  [1m[35mCREATE TABLE "ar_internal_metadata" ("key" character varying NOT NULL PRIMARY KEY, "value" character varying, "created_at" timestamp NOT NULL, "updated_at" timestamp NOT NULL)[0m
  ↳ bin/rails:9
  [1m[35m (0.9ms)[0m  [1m[34mSELECT pg_try_advisory_lock(6310987896297818055)[0m
  ↳ bin/rails:9
  [1m[35m (0.6ms)[0m  [1m[34mSELECT "schema_migrations"."version" FROM "schema_migrations" ORDER BY "schema_migrations"."version" ASC[0m
  ↳ bin/rails:9
Migrating to CreateUsers (20190812144841)
  [1m[35m (0.1ms)[0m  [1m[35mBEGIN[0m
  ↳ bin/rails:9
  [1m[35m (6.2ms)[0m  [1m[35mCREATE TABLE "users" ("id" bigserial primary key, "username" character varying, "email" character varying, "location" character varying, "password_digest" character varying, "created_at" timestamp NOT NULL, "updated_at" timestamp NOT NULL)[0m
  ↳ db/migrate/20190812144841_create_users.rb:3
  [1m[36mActiveRecord::SchemaMigration Create (1.3ms)[0m  [1m[32mINSERT INTO "schema_migrations" ("version") VALUES ($1) RETURNING "version"[0m  [["version", "20190812144841"]]
  ↳ bin/rails:9
  [1m[35m (0.4ms)[0m  [1m[35mCOMMIT[0m
  ↳ bin/rails:9
Migrating to CreateRecords (20190812145240)
  [1m[35m (0.8ms)[0m  [1m[35mBEGIN[0m
  ↳ bin/rails:9
  [1m[35m (9.1ms)[0m  [1m[35mCREATE TABLE "records" ("id" bigserial primary key, "artist" character varying, "title" character varying, "year" integer, "record_label" character varying, "cat_num" character varying, "country" character varying, "format" character varying, "speed" character varying, "disc_condition" character varying, "sleeve_condition" character varying, "description" character varying, "img_url" character varying, "user_id" bigint, "created_at" timestamp NOT NULL, "updated_at" timestamp NOT NULL, CONSTRAINT "fk_rails_9ba3ba9afc"
FOREIGN KEY ("user_id")
  REFERENCES "users" ("id")
)[0m
  ↳ db/migrate/20190812145240_create_records.rb:3
  [1m[35m (1.0ms)[0m  [1m[35mCREATE  INDEX  "index_records_on_user_id" ON "records"  ("user_id")[0m
  ↳ db/migrate/20190812145240_create_records.rb:3
  [1m[36mActiveRecord::SchemaMigration Create (0.3ms)[0m  [1m[32mINSERT INTO "schema_migrations" ("version") VALUES ($1) RETURNING "version"[0m  [["version", "20190812145240"]]
  ↳ bin/rails:9
  [1m[35m (1.2ms)[0m  [1m[35mCOMMIT[0m
  ↳ bin/rails:9
Migrating to CreateComments (20190812150557)
  [1m[35m (0.2ms)[0m  [1m[35mBEGIN[0m
  ↳ bin/rails:9
  [1m[35m (4.7ms)[0m  [1m[35mCREATE TABLE "comments" ("id" bigserial primary key, "body" character varying, "user_id" bigint, "record_id" bigint, "created_at" timestamp NOT NULL, "updated_at" timestamp NOT NULL, CONSTRAINT "fk_rails_03de2dc08c"
FOREIGN KEY ("user_id")
  REFERENCES "users" ("id")
, CONSTRAINT "fk_rails_7f7b1ed962"
FOREIGN KEY ("record_id")
  REFERENCES "records" ("id")
)[0m
  ↳ db/migrate/20190812150557_create_comments.rb:3
  [1m[35m (1.9ms)[0m  [1m[35mCREATE  INDEX  "index_comments_on_user_id" ON "comments"  ("user_id")[0m
  ↳ db/migrate/20190812150557_create_comments.rb:3
  [1m[35m (1.1ms)[0m  [1m[35mCREATE  INDEX  "index_comments_on_record_id" ON "comments"  ("record_id")[0m
  ↳ db/migrate/20190812150557_create_comments.rb:3
  [1m[36mActiveRecord::SchemaMigration Create (0.2ms)[0m  [1m[32mINSERT INTO "schema_migrations" ("version") VALUES ($1) RETURNING "version"[0m  [["version", "20190812150557"]]
  ↳ bin/rails:9
  [1m[35m (0.3ms)[0m  [1m[35mCOMMIT[0m
  ↳ bin/rails:9
  [1m[36mActiveRecord::InternalMetadata Load (0.4ms)[0m  [1m[34mSELECT  "ar_internal_metadata".* FROM "ar_internal_metadata" WHERE "ar_internal_metadata"."key" = $1 LIMIT $2[0m  [["key", "environment"], ["LIMIT", 1]]
  ↳ bin/rails:9
  [1m[35m (0.1ms)[0m  [1m[35mBEGIN[0m
  ↳ bin/rails:9
  [1m[36mActiveRecord::InternalMetadata Create (1.0ms)[0m  [1m[32mINSERT INTO "ar_internal_metadata" ("key", "value", "created_at", "updated_at") VALUES ($1, $2, $3, $4) RETURNING "key"[0m  [["key", "environment"], ["value", "development"], ["created_at", "2019-08-12 15:07:53.094326"], ["updated_at", "2019-08-12 15:07:53.094326"]]
  ↳ bin/rails:9
  [1m[35m (0.2ms)[0m  [1m[35mCOMMIT[0m
  ↳ bin/rails:9
  [1m[35m (0.1ms)[0m  [1m[34mSELECT pg_advisory_unlock(6310987896297818055)[0m
  ↳ bin/rails:9
  [1m[35m (0.2ms)[0m  [1m[34mSELECT "schema_migrations"."version" FROM "schema_migrations" ORDER BY "schema_migrations"."version" ASC[0m
  ↳ bin/rails:9
  [1m[35m (0.6ms)[0m  [1m[34mSELECT "schema_migrations"."version" FROM "schema_migrations" ORDER BY "schema_migrations"."version" ASC[0m
  ↳ bin/rails:9
  [1m[35m (0.6ms)[0m  [1m[34mSELECT "schema_migrations"."version" FROM "schema_migrations" ORDER BY "schema_migrations"."version" ASC[0m
  ↳ bin/rails:9
  [1m[35m (0.1ms)[0m  [1m[35mBEGIN[0m
  ↳ db/seeds.rb:9
  [1m[36mUser Exists (2.0ms)[0m  [1m[34mSELECT  1 AS one FROM "users" WHERE "users"."username" = $1 LIMIT $2[0m  [["username", "jeff"], ["LIMIT", 1]]
  ↳ db/seeds.rb:9
  [1m[36mUser Exists (0.3ms)[0m  [1m[34mSELECT  1 AS one FROM "users" WHERE "users"."email" = $1 LIMIT $2[0m  [["email", "jeff@email.com"], ["LIMIT", 1]]
  ↳ db/seeds.rb:9
  [1m[35m (0.1ms)[0m  [1m[31mROLLBACK[0m
  ↳ db/seeds.rb:9
  [1m[35m (0.6ms)[0m  [1m[34mSELECT "schema_migrations"."version" FROM "schema_migrations" ORDER BY "schema_migrations"."version" ASC[0m
  ↳ bin/rails:9
  [1m[35m (0.4ms)[0m  [1m[34mSELECT "schema_migrations"."version" FROM "schema_migrations" ORDER BY "schema_migrations"."version" ASC[0m
  ↳ bin/rails:9
  [1m[35m (0.1ms)[0m  [1m[35mBEGIN[0m
  ↳ db/seeds.rb:9
  [1m[36mUser Exists (0.6ms)[0m  [1m[34mSELECT  1 AS one FROM "users" WHERE "users"."username" = $1 LIMIT $2[0m  [["username", "jeff"], ["LIMIT", 1]]
  ↳ db/seeds.rb:9
  [1m[36mUser Exists (0.2ms)[0m  [1m[34mSELECT  1 AS one FROM "users" WHERE "users"."email" = $1 LIMIT $2[0m  [["email", "jeff@email.com"], ["LIMIT", 1]]
  ↳ db/seeds.rb:9
  [1m[35m (0.2ms)[0m  [1m[31mROLLBACK[0m
  ↳ db/seeds.rb:9
  [1m[35m (0.5ms)[0m  [1m[34mSELECT "schema_migrations"."version" FROM "schema_migrations" ORDER BY "schema_migrations"."version" ASC[0m
  ↳ bin/rails:9
  [1m[35m (0.1ms)[0m  [1m[35mBEGIN[0m
  ↳ db/seeds.rb:9
  [1m[36mUser Exists (1.2ms)[0m  [1m[34mSELECT  1 AS one FROM "users" WHERE "users"."username" = $1 LIMIT $2[0m  [["username", "jeff"], ["LIMIT", 1]]
  ↳ db/seeds.rb:9
  [1m[36mUser Exists (0.3ms)[0m  [1m[34mSELECT  1 AS one FROM "users" WHERE "users"."email" = $1 LIMIT $2[0m  [["email", "jeff@email.com"], ["LIMIT", 1]]
  ↳ db/seeds.rb:9
  [1m[35m (0.2ms)[0m  [1m[31mROLLBACK[0m
  ↳ db/seeds.rb:9
  [1m[35m (0.1ms)[0m  [1m[35mBEGIN[0m
  ↳ db/seeds.rb:10
  [1m[36mUser Exists (0.3ms)[0m  [1m[34mSELECT  1 AS one FROM "users" WHERE "users"."username" = $1 LIMIT $2[0m  [["username", "terry"], ["LIMIT", 1]]
  ↳ db/seeds.rb:10
  [1m[36mUser Exists (0.2ms)[0m  [1m[34mSELECT  1 AS one FROM "users" WHERE "users"."email" = $1 LIMIT $2[0m  [["email", "terry@email.com"], ["LIMIT", 1]]
  ↳ db/seeds.rb:10
  [1m[35m (0.1ms)[0m  [1m[31mROLLBACK[0m
  ↳ db/seeds.rb:10
  [1m[35m (0.1ms)[0m  [1m[35mBEGIN[0m
  ↳ db/seeds.rb:11
  [1m[36mUser Exists (0.2ms)[0m  [1m[34mSELECT  1 AS one FROM "users" WHERE "users"."username" = $1 LIMIT $2[0m  [["username", "vinyldude2001"], ["LIMIT", 1]]
  ↳ db/seeds.rb:11
  [1m[36mUser Exists (0.2ms)[0m  [1m[34mSELECT  1 AS one FROM "users" WHERE "users"."email" = $1 LIMIT $2[0m  [["email", "vinyldude2001@email.com"], ["LIMIT", 1]]
  ↳ db/seeds.rb:11
  [1m[35m (0.1ms)[0m  [1m[31mROLLBACK[0m
  ↳ db/seeds.rb:11
  [1m[35m (0.1ms)[0m  [1m[35mBEGIN[0m
  ↳ db/seeds.rb:13
  [1m[36mUser Load (0.9ms)[0m  [1m[34mSELECT  "users".* FROM "users" WHERE "users"."id" = $1 LIMIT $2[0m  [["id", 1], ["LIMIT", 1]]
  ↳ db/seeds.rb:13
  [1m[35m (0.1ms)[0m  [1m[31mROLLBACK[0m
  ↳ db/seeds.rb:13
  [1m[35m (0.1ms)[0m  [1m[35mBEGIN[0m
  ↳ db/seeds.rb:14
  [1m[36mUser Load (0.2ms)[0m  [1m[34mSELECT  "users".* FROM "users" WHERE "users"."id" = $1 LIMIT $2[0m  [["id", 2], ["LIMIT", 1]]
  ↳ db/seeds.rb:14
  [1m[35m (0.1ms)[0m  [1m[31mROLLBACK[0m
  ↳ db/seeds.rb:14
  [1m[35m (0.1ms)[0m  [1m[35mBEGIN[0m
  ↳ db/seeds.rb:15
  [1m[36mUser Load (0.1ms)[0m  [1m[34mSELECT  "users".* FROM "users" WHERE "users"."id" = $1 LIMIT $2[0m  [["id", 3], ["LIMIT", 1]]
  ↳ db/seeds.rb:15
  [1m[35m (0.1ms)[0m  [1m[31mROLLBACK[0m
  ↳ db/seeds.rb:15
  [1m[35m (0.1ms)[0m  [1m[35mBEGIN[0m
  ↳ db/seeds.rb:16
  [1m[36mUser Load (0.1ms)[0m  [1m[34mSELECT  "users".* FROM "users" WHERE "users"."id" = $1 LIMIT $2[0m  [["id", 1], ["LIMIT", 1]]
  ↳ db/seeds.rb:16
  [1m[35m (0.1ms)[0m  [1m[31mROLLBACK[0m
  ↳ db/seeds.rb:16
  [1m[35m (0.1ms)[0m  [1m[35mBEGIN[0m
  ↳ db/seeds.rb:17
  [1m[36mUser Load (0.1ms)[0m  [1m[34mSELECT  "users".* FROM "users" WHERE "users"."id" = $1 LIMIT $2[0m  [["id", 2], ["LIMIT", 1]]
  ↳ db/seeds.rb:17
  [1m[35m (0.1ms)[0m  [1m[31mROLLBACK[0m
  ↳ db/seeds.rb:17
  [1m[35m (0.1ms)[0m  [1m[35mBEGIN[0m
  ↳ db/seeds.rb:18
  [1m[36mUser Load (0.1ms)[0m  [1m[34mSELECT  "users".* FROM "users" WHERE "users"."id" = $1 LIMIT $2[0m  [["id", 3], ["LIMIT", 1]]
  ↳ db/seeds.rb:18
  [1m[35m (0.1ms)[0m  [1m[31mROLLBACK[0m
  ↳ db/seeds.rb:18
  [1m[36mUser Load (0.4ms)[0m  [1m[34mSELECT "users".* FROM "users"[0m
  [1m[36mRecord Load (3.6ms)[0m  [1m[34mSELECT  "records".* FROM "records" LIMIT $1[0m  [["LIMIT", 11]]
Started GET "/" for ::1 at 2019-08-12 12:15:43 -0400
  [1m[35m (0.4ms)[0m  [1m[34mSELECT "schema_migrations"."version" FROM "schema_migrations" ORDER BY "schema_migrations"."version" ASC[0m
  ↳ /Users/alexcurtin/.rbenv/versions/2.6.3/lib/ruby/gems/2.6.0/gems/activerecord-5.2.3/lib/active_record/log_subscriber.rb:98
Processing by Rails::WelcomeController#index as HTML
  Rendering /Users/alexcurtin/.rbenv/versions/2.6.3/lib/ruby/gems/2.6.0/gems/railties-5.2.3/lib/rails/templates/rails/welcome/index.html.erb
  Rendered /Users/alexcurtin/.rbenv/versions/2.6.3/lib/ruby/gems/2.6.0/gems/railties-5.2.3/lib/rails/templates/rails/welcome/index.html.erb (3.1ms)
Completed 200 OK in 11ms (Views: 9.4ms | ActiveRecord: 0.0ms)


Started GET "/users" for ::1 at 2019-08-12 12:15:47 -0400
  
SyntaxError (/Users/alexcurtin/pandas/project-4/sei-p4/record-app/app/controllers/application_controller.rb:4: syntax error, unexpected tINTEGER, expecting ')'
...def self.encode(payload, exp 24.hours.from_now)
...                             ^~
/Users/alexcurtin/pandas/project-4/sei-p4/record-app/app/controllers/application_controller.rb:4: syntax error, unexpected ')', expecting end
...payload, exp 24.hours.from_now)
...                              ^
/Users/alexcurtin/pandas/project-4/sei-p4/record-app/app/controllers/application_controller.rb:26: syntax error, unexpected end, expecting end-of-input):
  
app/controllers/application_controller.rb:4: syntax error, unexpected tINTEGER, expecting ')'
app/controllers/application_controller.rb:4: syntax error, unexpected ')', expecting end
app/controllers/application_controller.rb:26: syntax error, unexpected end, expecting end-of-input
app/controllers/users_controller.rb:1:in `<main>'
Started GET "/users/1" for ::1 at 2019-08-12 12:16:20 -0400
  
SyntaxError (/Users/alexcurtin/pandas/project-4/sei-p4/record-app/app/controllers/application_controller.rb:4: syntax error, unexpected tINTEGER, expecting ')'
...def self.encode(payload, exp 24.hours.from_now)
...                             ^~
/Users/alexcurtin/pandas/project-4/sei-p4/record-app/app/controllers/application_controller.rb:4: syntax error, unexpected ')', expecting end
...payload, exp 24.hours.from_now)
...                              ^
/Users/alexcurtin/pandas/project-4/sei-p4/record-app/app/controllers/application_controller.rb:26: syntax error, unexpected end, expecting end-of-input):
  
app/controllers/application_controller.rb:4: syntax error, unexpected tINTEGER, expecting ')'
app/controllers/application_controller.rb:4: syntax error, unexpected ')', expecting end
app/controllers/application_controller.rb:26: syntax error, unexpected end, expecting end-of-input
app/controllers/users_controller.rb:1:in `<main>'
Started GET "/users/" for ::1 at 2019-08-12 12:24:23 -0400
  [1m[35m (0.7ms)[0m  [1m[34mSELECT "schema_migrations"."version" FROM "schema_migrations" ORDER BY "schema_migrations"."version" ASC[0m
  ↳ /Users/alexcurtin/.rbenv/versions/2.6.3/lib/ruby/gems/2.6.0/gems/activerecord-5.2.3/lib/active_record/log_subscriber.rb:98
Processing by UsersController#index as HTML
Completed 500 Internal Server Error in 40ms (ActiveRecord: 0.0ms)


  
NoMethodError (undefined method `decode' for #<UsersController:0x00007fa170e8d3e8>):
  
app/controllers/application_controller.rb:18:in `authorize_request'
Started GET "/users/" for ::1 at 2019-08-12 12:27:25 -0400
Processing by UsersController#index as HTML
  [1m[36mUser Load (1.0ms)[0m  [1m[34mSELECT "users".* FROM "users"[0m
  ↳ app/controllers/users_controller.rb:7
Completed 200 OK in 14ms (Views: 3.5ms | ActiveRecord: 2.8ms)


  [1m[35m (0.4ms)[0m  [1m[34mSELECT "schema_migrations"."version" FROM "schema_migrations" ORDER BY "schema_migrations"."version" ASC[0m
  ↳ bin/rails:9
  [1m[35m (0.1ms)[0m  [1m[35mBEGIN[0m
  ↳ db/seeds.rb:9
  [1m[36mUser Exists (0.5ms)[0m  [1m[34mSELECT  1 AS one FROM "users" WHERE "users"."username" = $1 LIMIT $2[0m  [["username", "jeff"], ["LIMIT", 1]]
  ↳ db/seeds.rb:9
  [1m[36mUser Exists (0.2ms)[0m  [1m[34mSELECT  1 AS one FROM "users" WHERE "users"."email" = $1 LIMIT $2[0m  [["email", "jeff@email.com"], ["LIMIT", 1]]
  ↳ db/seeds.rb:9
  [1m[35m (0.2ms)[0m  [1m[31mROLLBACK[0m
  ↳ db/seeds.rb:9
  [1m[35m (0.1ms)[0m  [1m[35mBEGIN[0m
  ↳ db/seeds.rb:10
  [1m[36mUser Exists (0.2ms)[0m  [1m[34mSELECT  1 AS one FROM "users" WHERE "users"."username" = $1 LIMIT $2[0m  [["username", "terry"], ["LIMIT", 1]]
  ↳ db/seeds.rb:10
  [1m[36mUser Exists (0.1ms)[0m  [1m[34mSELECT  1 AS one FROM "users" WHERE "users"."email" = $1 LIMIT $2[0m  [["email", "terry@email.com"], ["LIMIT", 1]]
  ↳ db/seeds.rb:10
  [1m[35m (0.1ms)[0m  [1m[31mROLLBACK[0m
  ↳ db/seeds.rb:10
  [1m[35m (0.2ms)[0m  [1m[35mBEGIN[0m
  ↳ db/seeds.rb:11
  [1m[36mUser Exists (0.2ms)[0m  [1m[34mSELECT  1 AS one FROM "users" WHERE "users"."username" = $1 LIMIT $2[0m  [["username", "vinyldude2001"], ["LIMIT", 1]]
  ↳ db/seeds.rb:11
  [1m[36mUser Exists (0.2ms)[0m  [1m[34mSELECT  1 AS one FROM "users" WHERE "users"."email" = $1 LIMIT $2[0m  [["email", "vinyldude2001@email.com"], ["LIMIT", 1]]
  ↳ db/seeds.rb:11
  [1m[35m (0.1ms)[0m  [1m[31mROLLBACK[0m
  ↳ db/seeds.rb:11
  [1m[35m (0.2ms)[0m  [1m[35mBEGIN[0m
  ↳ db/seeds.rb:13
  [1m[36mUser Load (0.2ms)[0m  [1m[34mSELECT  "users".* FROM "users" WHERE "users"."id" = $1 LIMIT $2[0m  [["id", 1], ["LIMIT", 1]]
  ↳ db/seeds.rb:13
  [1m[35m (0.1ms)[0m  [1m[31mROLLBACK[0m
  ↳ db/seeds.rb:13
  [1m[35m (0.1ms)[0m  [1m[35mBEGIN[0m
  ↳ db/seeds.rb:14
  [1m[36mUser Load (0.1ms)[0m  [1m[34mSELECT  "users".* FROM "users" WHERE "users"."id" = $1 LIMIT $2[0m  [["id", 2], ["LIMIT", 1]]
  ↳ db/seeds.rb:14
  [1m[35m (0.1ms)[0m  [1m[31mROLLBACK[0m
  ↳ db/seeds.rb:14
  [1m[35m (0.1ms)[0m  [1m[35mBEGIN[0m
  ↳ db/seeds.rb:15
  [1m[36mUser Load (0.1ms)[0m  [1m[34mSELECT  "users".* FROM "users" WHERE "users"."id" = $1 LIMIT $2[0m  [["id", 3], ["LIMIT", 1]]
  ↳ db/seeds.rb:15
  [1m[35m (0.1ms)[0m  [1m[31mROLLBACK[0m
  ↳ db/seeds.rb:15
  [1m[35m (0.1ms)[0m  [1m[35mBEGIN[0m
  ↳ db/seeds.rb:16
  [1m[36mUser Load (0.1ms)[0m  [1m[34mSELECT  "users".* FROM "users" WHERE "users"."id" = $1 LIMIT $2[0m  [["id", 1], ["LIMIT", 1]]
  ↳ db/seeds.rb:16
  [1m[35m (0.1ms)[0m  [1m[31mROLLBACK[0m
  ↳ db/seeds.rb:16
  [1m[35m (0.1ms)[0m  [1m[35mBEGIN[0m
  ↳ db/seeds.rb:17
  [1m[36mUser Load (0.1ms)[0m  [1m[34mSELECT  "users".* FROM "users" WHERE "users"."id" = $1 LIMIT $2[0m  [["id", 2], ["LIMIT", 1]]
  ↳ db/seeds.rb:17
  [1m[35m (0.1ms)[0m  [1m[31mROLLBACK[0m
  ↳ db/seeds.rb:17
  [1m[35m (0.1ms)[0m  [1m[35mBEGIN[0m
  ↳ db/seeds.rb:18
  [1m[36mUser Load (0.1ms)[0m  [1m[34mSELECT  "users".* FROM "users" WHERE "users"."id" = $1 LIMIT $2[0m  [["id", 3], ["LIMIT", 1]]
  ↳ db/seeds.rb:18
  [1m[35m (0.1ms)[0m  [1m[31mROLLBACK[0m
  ↳ db/seeds.rb:18
  [1m[36mRecord Load (1.5ms)[0m  [1m[34mSELECT  "records".* FROM "records" LIMIT $1[0m  [["LIMIT", 11]]
  [1m[36mUser Load (0.3ms)[0m  [1m[34mSELECT  "users".* FROM "users" LIMIT $1[0m  [["LIMIT", 11]]
  [1m[35m (0.4ms)[0m  [1m[34mSELECT "schema_migrations"."version" FROM "schema_migrations" ORDER BY "schema_migrations"."version" ASC[0m
  ↳ bin/rails:9
  [1m[35m (0.1ms)[0m  [1m[35mBEGIN[0m
  ↳ db/seeds.rb:9
  [1m[36mUser Exists (0.6ms)[0m  [1m[34mSELECT  1 AS one FROM "users" WHERE "users"."username" = $1 LIMIT $2[0m  [["username", "jeff"], ["LIMIT", 1]]
  ↳ db/seeds.rb:9
  [1m[36mUser Exists (0.2ms)[0m  [1m[34mSELECT  1 AS one FROM "users" WHERE "users"."email" = $1 LIMIT $2[0m  [["email", "jeff@email.com"], ["LIMIT", 1]]
  ↳ db/seeds.rb:9
  [1m[35m (0.2ms)[0m  [1m[31mROLLBACK[0m
  ↳ db/seeds.rb:9
  [1m[35m (0.1ms)[0m  [1m[35mBEGIN[0m
  ↳ db/seeds.rb:10
  [1m[36mUser Exists (0.2ms)[0m  [1m[34mSELECT  1 AS one FROM "users" WHERE "users"."username" = $1 LIMIT $2[0m  [["username", "terry"], ["LIMIT", 1]]
  ↳ db/seeds.rb:10
  [1m[36mUser Exists (0.1ms)[0m  [1m[34mSELECT  1 AS one FROM "users" WHERE "users"."email" = $1 LIMIT $2[0m  [["email", "terry@email.com"], ["LIMIT", 1]]
  ↳ db/seeds.rb:10
  [1m[35m (0.1ms)[0m  [1m[31mROLLBACK[0m
  ↳ db/seeds.rb:10
  [1m[35m (0.2ms)[0m  [1m[35mBEGIN[0m
  ↳ db/seeds.rb:11
  [1m[36mUser Exists (0.2ms)[0m  [1m[34mSELECT  1 AS one FROM "users" WHERE "users"."username" = $1 LIMIT $2[0m  [["username", "vinyldude2001"], ["LIMIT", 1]]
  ↳ db/seeds.rb:11
  [1m[36mUser Exists (0.2ms)[0m  [1m[34mSELECT  1 AS one FROM "users" WHERE "users"."email" = $1 LIMIT $2[0m  [["email", "vinyldude2001@email.com"], ["LIMIT", 1]]
  ↳ db/seeds.rb:11
  [1m[36mUser Create (7.3ms)[0m  [1m[32mINSERT INTO "users" ("username", "email", "location", "password_digest", "created_at", "updated_at") VALUES ($1, $2, $3, $4, $5, $6) RETURNING "id"[0m  [["username", "vinyldude2001"], ["email", "vinyldude2001@email.com"], ["location", "Austin, TX"], ["password_digest", "$2a$12$i2Sn9s1eG/l0gCDicttAu.9F3p0D8.FHAaCGe4x/VNBigQzzY5F0q"], ["created_at", "2019-08-12 16:29:06.447852"], ["updated_at", "2019-08-12 16:29:06.447852"]]
  ↳ db/seeds.rb:11
  [1m[35m (0.4ms)[0m  [1m[35mCOMMIT[0m
  ↳ db/seeds.rb:11
  [1m[35m (0.1ms)[0m  [1m[35mBEGIN[0m
  ↳ db/seeds.rb:13
  [1m[36mUser Load (0.6ms)[0m  [1m[34mSELECT  "users".* FROM "users" WHERE "users"."id" = $1 LIMIT $2[0m  [["id", 1], ["LIMIT", 1]]
  ↳ db/seeds.rb:13
  [1m[36mRecord Create (4.1ms)[0m  [1m[32mINSERT INTO "records" ("artist", "title", "year", "record_label", "cat_num", "country", "format", "speed", "disc_condition", "sleeve_condition", "description", "img_url", "user_id", "created_at", "updated_at") VALUES ($1, $2, $3, $4, $5, $6, $7, $8, $9, $10, $11, $12, $13, $14, $15) RETURNING "id"[0m  [["artist", "Creedence Clearwater Revival"], ["title", "Bayou Country"], ["year", 1969], ["record_label", "Fantasy"], ["cat_num", "8387"], ["country", "US"], ["format", "12\""], ["speed", "33 rpm"], ["disc_condition", "VG+"], ["sleeve_condition", "VG"], ["description", "  "], ["img_url", "https://upload.wikimedia.org/wikipedia/en/3/37/Creedence_Clearwater_Revival_-_Bayou_Country.jpg"], ["user_id", 1], ["created_at", "2019-08-12 16:29:06.481547"], ["updated_at", "2019-08-12 16:29:06.481547"]]
  ↳ db/seeds.rb:13
  [1m[35m (0.3ms)[0m  [1m[35mCOMMIT[0m
  ↳ db/seeds.rb:13
  [1m[35m (0.1ms)[0m  [1m[35mBEGIN[0m
  ↳ db/seeds.rb:14
  [1m[36mUser Load (0.1ms)[0m  [1m[34mSELECT  "users".* FROM "users" WHERE "users"."id" = $1 LIMIT $2[0m  [["id", 2], ["LIMIT", 1]]
  ↳ db/seeds.rb:14
  [1m[35m (0.1ms)[0m  [1m[31mROLLBACK[0m
  ↳ db/seeds.rb:14
  [1m[35m (0.1ms)[0m  [1m[35mBEGIN[0m
  ↳ db/seeds.rb:15
  [1m[36mUser Load (0.1ms)[0m  [1m[34mSELECT  "users".* FROM "users" WHERE "users"."id" = $1 LIMIT $2[0m  [["id", 3], ["LIMIT", 1]]
  ↳ db/seeds.rb:15
  [1m[35m (0.1ms)[0m  [1m[31mROLLBACK[0m
  ↳ db/seeds.rb:15
  [1m[35m (0.1ms)[0m  [1m[35mBEGIN[0m
  ↳ db/seeds.rb:16
  [1m[36mUser Load (0.2ms)[0m  [1m[34mSELECT  "users".* FROM "users" WHERE "users"."id" = $1 LIMIT $2[0m  [["id", 1], ["LIMIT", 1]]
  ↳ db/seeds.rb:16
  [1m[36mRecord Create (0.2ms)[0m  [1m[32mINSERT INTO "records" ("artist", "title", "year", "record_label", "cat_num", "country", "format", "speed", "disc_condition", "sleeve_condition", "description", "img_url", "user_id", "created_at", "updated_at") VALUES ($1, $2, $3, $4, $5, $6, $7, $8, $9, $10, $11, $12, $13, $14, $15) RETURNING "id"[0m  [["artist", "Creedence Clearwater Revival"], ["title", "Green River"], ["year", 1969], ["record_label", "Fantasy"], ["cat_num", "8393"], ["country", "US"], ["format", "12\""], ["speed", "33 rpm"], ["disc_condition", "VG+"], ["sleeve_condition", "VG"], ["description", "  "], ["img_url", "https://upload.wikimedia.org/wikipedia/en/0/04/Creedence_Clearwater_Revival_-_Green_River.jpg"], ["user_id", 1], ["created_at", "2019-08-12 16:29:06.504485"], ["updated_at", "2019-08-12 16:29:06.504485"]]
  ↳ db/seeds.rb:16
  [1m[35m (0.3ms)[0m  [1m[35mCOMMIT[0m
  ↳ db/seeds.rb:16
  [1m[35m (0.1ms)[0m  [1m[35mBEGIN[0m
  ↳ db/seeds.rb:17
  [1m[36mUser Load (0.1ms)[0m  [1m[34mSELECT  "users".* FROM "users" WHERE "users"."id" = $1 LIMIT $2[0m  [["id", 2], ["LIMIT", 1]]
  ↳ db/seeds.rb:17
  [1m[35m (0.1ms)[0m  [1m[31mROLLBACK[0m
  ↳ db/seeds.rb:17
  [1m[35m (0.1ms)[0m  [1m[35mBEGIN[0m
  ↳ db/seeds.rb:18
  [1m[36mUser Load (0.1ms)[0m  [1m[34mSELECT  "users".* FROM "users" WHERE "users"."id" = $1 LIMIT $2[0m  [["id", 3], ["LIMIT", 1]]
  ↳ db/seeds.rb:18
  [1m[35m (0.1ms)[0m  [1m[31mROLLBACK[0m
  ↳ db/seeds.rb:18
  [1m[36mUser Load (0.5ms)[0m  [1m[34mSELECT  "users".* FROM "users" LIMIT $1[0m  [["LIMIT", 11]]
  [1m[35m (0.6ms)[0m  [1m[34mSELECT "schema_migrations"."version" FROM "schema_migrations" ORDER BY "schema_migrations"."version" ASC[0m
  ↳ bin/rails:9
  [1m[35m (0.1ms)[0m  [1m[35mBEGIN[0m
  ↳ db/seeds.rb:9
  [1m[36mUser Exists (0.4ms)[0m  [1m[34mSELECT  1 AS one FROM "users" WHERE "users"."username" = $1 LIMIT $2[0m  [["username", "jeff"], ["LIMIT", 1]]
  ↳ db/seeds.rb:9
  [1m[36mUser Exists (0.2ms)[0m  [1m[34mSELECT  1 AS one FROM "users" WHERE "users"."email" = $1 LIMIT $2[0m  [["email", "jeff@email.com"], ["LIMIT", 1]]
  ↳ db/seeds.rb:9
  [1m[36mUser Create (0.3ms)[0m  [1m[32mINSERT INTO "users" ("username", "email", "location", "password_digest", "created_at", "updated_at") VALUES ($1, $2, $3, $4, $5, $6) RETURNING "id"[0m  [["username", "jeff"], ["email", "jeff@email.com"], ["location", "Dallas, TX"], ["password_digest", "$2a$12$tYf55ITMjAjxgwfGdvDaNe4MQnrL.ahFZrXFFHlTPJiRh0qeTgiLq"], ["created_at", "2019-08-12 16:29:50.487968"], ["updated_at", "2019-08-12 16:29:50.487968"]]
  ↳ db/seeds.rb:9
  [1m[35m (0.4ms)[0m  [1m[35mCOMMIT[0m
  ↳ db/seeds.rb:9
  [1m[35m (0.2ms)[0m  [1m[35mBEGIN[0m
  ↳ db/seeds.rb:10
  [1m[36mUser Exists (0.3ms)[0m  [1m[34mSELECT  1 AS one FROM "users" WHERE "users"."username" = $1 LIMIT $2[0m  [["username", "terry"], ["LIMIT", 1]]
  ↳ db/seeds.rb:10
  [1m[36mUser Exists (0.1ms)[0m  [1m[34mSELECT  1 AS one FROM "users" WHERE "users"."email" = $1 LIMIT $2[0m  [["email", "terry@email.com"], ["LIMIT", 1]]
  ↳ db/seeds.rb:10
  [1m[36mUser Create (0.2ms)[0m  [1m[32mINSERT INTO "users" ("username", "email", "location", "password_digest", "created_at", "updated_at") VALUES ($1, $2, $3, $4, $5, $6) RETURNING "id"[0m  [["username", "terry"], ["email", "terry@email.com"], ["location", "Houston, TX"], ["password_digest", "$2a$12$k4IxW2dyQa7pE12XAGdHz.kjBWh0UhsQULlE.mAoqTvPgXiMGphqe"], ["created_at", "2019-08-12 16:29:50.687145"], ["updated_at", "2019-08-12 16:29:50.687145"]]
  ↳ db/seeds.rb:10
  [1m[35m (0.8ms)[0m  [1m[35mCOMMIT[0m
  ↳ db/seeds.rb:10
  [1m[35m (0.1ms)[0m  [1m[35mBEGIN[0m
  ↳ db/seeds.rb:11
  [1m[36mUser Exists (0.2ms)[0m  [1m[34mSELECT  1 AS one FROM "users" WHERE "users"."username" = $1 LIMIT $2[0m  [["username", "vinyldude2001"], ["LIMIT", 1]]
  ↳ db/seeds.rb:11
  [1m[36mUser Exists (0.4ms)[0m  [1m[34mSELECT  1 AS one FROM "users" WHERE "users"."email" = $1 LIMIT $2[0m  [["email", "vinyldude2001@email.com"], ["LIMIT", 1]]
  ↳ db/seeds.rb:11
  [1m[35m (0.3ms)[0m  [1m[31mROLLBACK[0m
  ↳ db/seeds.rb:11
  [1m[35m (0.1ms)[0m  [1m[35mBEGIN[0m
  ↳ db/seeds.rb:13
  [1m[36mUser Load (0.2ms)[0m  [1m[34mSELECT  "users".* FROM "users" WHERE "users"."id" = $1 LIMIT $2[0m  [["id", 1], ["LIMIT", 1]]
  ↳ db/seeds.rb:13
  [1m[36mRecord Create (0.7ms)[0m  [1m[32mINSERT INTO "records" ("artist", "title", "year", "record_label", "cat_num", "country", "format", "speed", "disc_condition", "sleeve_condition", "description", "img_url", "user_id", "created_at", "updated_at") VALUES ($1, $2, $3, $4, $5, $6, $7, $8, $9, $10, $11, $12, $13, $14, $15) RETURNING "id"[0m  [["artist", "Creedence Clearwater Revival"], ["title", "Bayou Country"], ["year", 1969], ["record_label", "Fantasy"], ["cat_num", "8387"], ["country", "US"], ["format", "12\""], ["speed", "33 rpm"], ["disc_condition", "VG+"], ["sleeve_condition", "VG"], ["description", "  "], ["img_url", "https://upload.wikimedia.org/wikipedia/en/3/37/Creedence_Clearwater_Revival_-_Bayou_Country.jpg"], ["user_id", 1], ["created_at", "2019-08-12 16:29:50.918133"], ["updated_at", "2019-08-12 16:29:50.918133"]]
  ↳ db/seeds.rb:13
  [1m[35m (0.3ms)[0m  [1m[35mCOMMIT[0m
  ↳ db/seeds.rb:13
  [1m[35m (0.1ms)[0m  [1m[35mBEGIN[0m
  ↳ db/seeds.rb:14
  [1m[36mUser Load (0.1ms)[0m  [1m[34mSELECT  "users".* FROM "users" WHERE "users"."id" = $1 LIMIT $2[0m  [["id", 2], ["LIMIT", 1]]
  ↳ db/seeds.rb:14
  [1m[36mRecord Create (0.2ms)[0m  [1m[32mINSERT INTO "records" ("artist", "title", "year", "record_label", "cat_num", "country", "format", "speed", "disc_condition", "sleeve_condition", "description", "img_url", "user_id", "created_at", "updated_at") VALUES ($1, $2, $3, $4, $5, $6, $7, $8, $9, $10, $11, $12, $13, $14, $15) RETURNING "id"[0m  [["artist", "Creedence Clearwater Revival"], ["title", "Cosmo's Factory"], ["year", 1970], ["record_label", "Fantasy"], ["cat_num", "8402"], ["country", "US"], ["format", "12\""], ["speed", "33 rpm"], ["disc_condition", "VG+"], ["sleeve_condition", "VG"], ["description", "  "], ["img_url", "https://upload.wikimedia.org/wikipedia/en/4/42/Creedence_Clearwater_Revival_-_Cosmo%27s_Factory.jpg"], ["user_id", 2], ["created_at", "2019-08-12 16:29:50.921177"], ["updated_at", "2019-08-12 16:29:50.921177"]]
  ↳ db/seeds.rb:14
  [1m[35m (0.3ms)[0m  [1m[35mCOMMIT[0m
  ↳ db/seeds.rb:14
  [1m[35m (0.1ms)[0m  [1m[35mBEGIN[0m
  ↳ db/seeds.rb:15
  [1m[36mUser Load (0.1ms)[0m  [1m[34mSELECT  "users".* FROM "users" WHERE "users"."id" = $1 LIMIT $2[0m  [["id", 3], ["LIMIT", 1]]
  ↳ db/seeds.rb:15
  [1m[36mRecord Create (0.2ms)[0m  [1m[32mINSERT INTO "records" ("artist", "title", "year", "record_label", "cat_num", "country", "format", "speed", "disc_condition", "sleeve_condition", "description", "img_url", "user_id", "created_at", "updated_at") VALUES ($1, $2, $3, $4, $5, $6, $7, $8, $9, $10, $11, $12, $13, $14, $15) RETURNING "id"[0m  [["artist", "Creedence Clearwater Revival"], ["title", "Green River"], ["year", 1969], ["record_label", "Fantasy"], ["cat_num", "8393"], ["country", "US"], ["format", "12\""], ["speed", "33 rpm"], ["disc_condition", "VG+"], ["sleeve_condition", "VG"], ["description", "  "], ["img_url", "https://upload.wikimedia.org/wikipedia/en/0/04/Creedence_Clearwater_Revival_-_Green_River.jpg"], ["user_id", 3], ["created_at", "2019-08-12 16:29:50.923254"], ["updated_at", "2019-08-12 16:29:50.923254"]]
  ↳ db/seeds.rb:15
  [1m[35m (0.3ms)[0m  [1m[35mCOMMIT[0m
  ↳ db/seeds.rb:15
  [1m[35m (0.1ms)[0m  [1m[35mBEGIN[0m
  ↳ db/seeds.rb:16
  [1m[36mUser Load (0.1ms)[0m  [1m[34mSELECT  "users".* FROM "users" WHERE "users"."id" = $1 LIMIT $2[0m  [["id", 1], ["LIMIT", 1]]
  ↳ db/seeds.rb:16
  [1m[36mRecord Create (0.2ms)[0m  [1m[32mINSERT INTO "records" ("artist", "title", "year", "record_label", "cat_num", "country", "format", "speed", "disc_condition", "sleeve_condition", "description", "img_url", "user_id", "created_at", "updated_at") VALUES ($1, $2, $3, $4, $5, $6, $7, $8, $9, $10, $11, $12, $13, $14, $15) RETURNING "id"[0m  [["artist", "Creedence Clearwater Revival"], ["title", "Green River"], ["year", 1969], ["record_label", "Fantasy"], ["cat_num", "8393"], ["country", "US"], ["format", "12\""], ["speed", "33 rpm"], ["disc_condition", "VG+"], ["sleeve_condition", "VG"], ["description", "  "], ["img_url", "https://upload.wikimedia.org/wikipedia/en/0/04/Creedence_Clearwater_Revival_-_Green_River.jpg"], ["user_id", 1], ["created_at", "2019-08-12 16:29:50.925161"], ["updated_at", "2019-08-12 16:29:50.925161"]]
  ↳ db/seeds.rb:16
  [1m[35m (0.2ms)[0m  [1m[35mCOMMIT[0m
  ↳ db/seeds.rb:16
  [1m[35m (0.1ms)[0m  [1m[35mBEGIN[0m
  ↳ db/seeds.rb:17
  [1m[36mUser Load (0.1ms)[0m  [1m[34mSELECT  "users".* FROM "users" WHERE "users"."id" = $1 LIMIT $2[0m  [["id", 2], ["LIMIT", 1]]
  ↳ db/seeds.rb:17
  [1m[36mRecord Create (0.2ms)[0m  [1m[32mINSERT INTO "records" ("artist", "title", "year", "record_label", "cat_num", "country", "format", "speed", "disc_condition", "sleeve_condition", "description", "img_url", "user_id", "created_at", "updated_at") VALUES ($1, $2, $3, $4, $5, $6, $7, $8, $9, $10, $11, $12, $13, $14, $15) RETURNING "id"[0m  [["artist", "Creedence Clearwater Revival"], ["title", "Willy and The Poor Boys"], ["year", 1969], ["record_label", "Fantasy"], ["cat_num", "8397"], ["country", "US"], ["format", "12\""], ["speed", "33 rpm"], ["disc_condition", "VG+"], ["sleeve_condition", "VG"], ["description", "  "], ["img_url", "https://upload.wikimedia.org/wikipedia/en/8/85/Willy_and_the_poor_boys.jpg"], ["user_id", 2], ["created_at", "2019-08-12 16:29:50.927023"], ["updated_at", "2019-08-12 16:29:50.927023"]]
  ↳ db/seeds.rb:17
  [1m[35m (0.2ms)[0m  [1m[35mCOMMIT[0m
  ↳ db/seeds.rb:17
  [1m[35m (0.1ms)[0m  [1m[35mBEGIN[0m
  ↳ db/seeds.rb:18
  [1m[36mUser Load (0.1ms)[0m  [1m[34mSELECT  "users".* FROM "users" WHERE "users"."id" = $1 LIMIT $2[0m  [["id", 3], ["LIMIT", 1]]
  ↳ db/seeds.rb:18
  [1m[36mRecord Create (0.9ms)[0m  [1m[32mINSERT INTO "records" ("artist", "title", "year", "record_label", "cat_num", "country", "format", "speed", "disc_condition", "sleeve_condition", "description", "img_url", "user_id", "created_at", "updated_at") VALUES ($1, $2, $3, $4, $5, $6, $7, $8, $9, $10, $11, $12, $13, $14, $15) RETURNING "id"[0m  [["artist", "Creedence Clearwater Revival"], ["title", "Creedence Clearwater Revival"], ["year", 1968], ["record_label", "Fantasy"], ["cat_num", "8382"], ["country", "US"], ["format", "12\""], ["speed", "33 rpm"], ["disc_condition", "VG+"], ["sleeve_condition", "VG"], ["description", "  "], ["img_url", "https://upload.wikimedia.org/wikipedia/en/b/b6/Creedence_Clearwater_Revival_-_Creedence_Clearwater_Revival.jpg"], ["user_id", 3], ["created_at", "2019-08-12 16:29:50.928844"], ["updated_at", "2019-08-12 16:29:50.928844"]]
  ↳ db/seeds.rb:18
  [1m[35m (0.2ms)[0m  [1m[35mCOMMIT[0m
  ↳ db/seeds.rb:18
  [1m[36mUser Load (1.7ms)[0m  [1m[34mSELECT  "users".* FROM "users" LIMIT $1[0m  [["LIMIT", 11]]
  [1m[36mUser Load (0.6ms)[0m  [1m[34mSELECT "users".* FROM "users"[0m
Started GET "/users/" for ::1 at 2019-08-12 12:30:32 -0400
Processing by UsersController#index as HTML
  [1m[36mUser Load (0.6ms)[0m  [1m[34mSELECT "users".* FROM "users"[0m
  ↳ app/controllers/users_controller.rb:7
  [1m[36mRecord Load (0.5ms)[0m  [1m[34mSELECT "records".* FROM "records" WHERE "records"."user_id" = $1[0m  [["user_id", 1]]
  ↳ app/controllers/users_controller.rb:7
  [1m[36mRecord Load (0.3ms)[0m  [1m[34mSELECT "records".* FROM "records" WHERE "records"."user_id" = $1[0m  [["user_id", 2]]
  ↳ app/controllers/users_controller.rb:7
  [1m[36mRecord Load (0.2ms)[0m  [1m[34mSELECT "records".* FROM "records" WHERE "records"."user_id" = $1[0m  [["user_id", 3]]
  ↳ app/controllers/users_controller.rb:7
Completed 200 OK in 97ms (Views: 86.2ms | ActiveRecord: 8.1ms)


Started GET "/users" for ::1 at 2019-08-12 14:16:35 -0400
Processing by UsersController#index as HTML
  [1m[36mUser Load (6.0ms)[0m  [1m[34mSELECT "users".* FROM "users"[0m
  ↳ app/controllers/users_controller.rb:7
  [1m[36mRecord Load (1.4ms)[0m  [1m[34mSELECT "records".* FROM "records" WHERE "records"."user_id" = $1[0m  [["user_id", 1]]
  ↳ app/controllers/users_controller.rb:7
  [1m[36mRecord Load (0.2ms)[0m  [1m[34mSELECT "records".* FROM "records" WHERE "records"."user_id" = $1[0m  [["user_id", 2]]
  ↳ app/controllers/users_controller.rb:7
  [1m[36mRecord Load (0.2ms)[0m  [1m[34mSELECT "records".* FROM "records" WHERE "records"."user_id" = $1[0m  [["user_id", 3]]
  ↳ app/controllers/users_controller.rb:7
Completed 200 OK in 61ms (Views: 48.0ms | ActiveRecord: 8.0ms)


Started POST "/auth/login" for ::1 at 2019-08-12 14:17:02 -0400
Processing by AuthenticationController#login as HTML
  Parameters: {"username"=>"terry", "password"=>"[FILTERED]", "authentication"=>{"username"=>"terry", "password"=>"[FILTERED]"}}
  [1m[36mUser Load (2.6ms)[0m  [1m[34mSELECT  "users".* FROM "users" WHERE "users"."username" = $1 LIMIT $2[0m  [["username", "terry"], ["LIMIT", 1]]
  ↳ app/controllers/authentication_controller.rb:4
Completed 500 Internal Server Error in 263ms (ActiveRecord: 2.6ms)


  
NoMethodError (undefined method `encode' for #<AuthenticationController:0x00007fa1712395c8>):
  
app/controllers/authentication_controller.rb:6:in `login'
Started GET "/users" for ::1 at 2019-08-12 14:27:16 -0400
Processing by UsersController#index as HTML
  [1m[36mUser Load (1.7ms)[0m  [1m[34mSELECT "users".* FROM "users"[0m
  ↳ app/controllers/users_controller.rb:7
  [1m[36mRecord Load (0.4ms)[0m  [1m[34mSELECT "records".* FROM "records" WHERE "records"."user_id" = $1[0m  [["user_id", 1]]
  ↳ app/controllers/users_controller.rb:7
  [1m[36mRecord Load (0.2ms)[0m  [1m[34mSELECT "records".* FROM "records" WHERE "records"."user_id" = $1[0m  [["user_id", 2]]
  ↳ app/controllers/users_controller.rb:7
  [1m[36mRecord Load (0.2ms)[0m  [1m[34mSELECT "records".* FROM "records" WHERE "records"."user_id" = $1[0m  [["user_id", 3]]
  ↳ app/controllers/users_controller.rb:7
Completed 200 OK in 58ms (Views: 53.8ms | ActiveRecord: 2.7ms)


Started POST "/auth/login" for ::1 at 2019-08-12 14:29:34 -0400
Processing by AuthenticationController#login as HTML
  Parameters: {"username"=>"terry", "password"=>"[FILTERED]", "authentication"=>{"username"=>"terry", "password"=>"[FILTERED]"}}
  [1m[36mUser Load (0.2ms)[0m  [1m[34mSELECT  "users".* FROM "users" WHERE "users"."username" = $1 LIMIT $2[0m  [["username", "terry"], ["LIMIT", 1]]
  ↳ app/controllers/authentication_controller.rb:4
Completed 200 OK in 238ms (Views: 0.3ms | ActiveRecord: 20.9ms)


Started GET "/users" for ::1 at 2019-08-12 14:32:36 -0400
Processing by UsersController#index as HTML
  [1m[36mUser Load (0.3ms)[0m  [1m[34mSELECT "users".* FROM "users"[0m
  ↳ app/controllers/users_controller.rb:7
  [1m[36mRecord Load (0.5ms)[0m  [1m[34mSELECT "records".* FROM "records" WHERE "records"."user_id" = $1[0m  [["user_id", 1]]
  ↳ app/controllers/users_controller.rb:7
  [1m[36mRecord Load (0.3ms)[0m  [1m[34mSELECT "records".* FROM "records" WHERE "records"."user_id" = $1[0m  [["user_id", 2]]
  ↳ app/controllers/users_controller.rb:7
  [1m[36mRecord Load (0.2ms)[0m  [1m[34mSELECT "records".* FROM "records" WHERE "records"."user_id" = $1[0m  [["user_id", 3]]
  ↳ app/controllers/users_controller.rb:7
Completed 200 OK in 81ms (Views: 65.4ms | ActiveRecord: 10.9ms)


Started POST "/auth/login" for ::1 at 2019-08-12 14:32:51 -0400
Processing by AuthenticationController#login as HTML
  Parameters: {"username"=>"terry", "password"=>"[FILTERED]", "authentication"=>{"username"=>"terry", "password"=>"[FILTERED]"}}
  [1m[36mUser Load (0.3ms)[0m  [1m[34mSELECT  "users".* FROM "users" WHERE "users"."username" = $1 LIMIT $2[0m  [["username", "terry"], ["LIMIT", 1]]
  ↳ app/controllers/authentication_controller.rb:4
Completed 200 OK in 193ms (Views: 0.3ms | ActiveRecord: 0.3ms)


Started GET "/users" for ::1 at 2019-08-12 14:33:21 -0400
Processing by UsersController#index as HTML
  [1m[36mUser Load (0.2ms)[0m  [1m[34mSELECT "users".* FROM "users"[0m
  ↳ app/controllers/users_controller.rb:7
  [1m[36mRecord Load (0.2ms)[0m  [1m[34mSELECT "records".* FROM "records" WHERE "records"."user_id" = $1[0m  [["user_id", 1]]
  ↳ app/controllers/users_controller.rb:7
  [1m[36mRecord Load (0.2ms)[0m  [1m[34mSELECT "records".* FROM "records" WHERE "records"."user_id" = $1[0m  [["user_id", 2]]
  ↳ app/controllers/users_controller.rb:7
  [1m[36mRecord Load (0.2ms)[0m  [1m[34mSELECT "records".* FROM "records" WHERE "records"."user_id" = $1[0m  [["user_id", 3]]
  ↳ app/controllers/users_controller.rb:7
Completed 200 OK in 9ms (Views: 7.7ms | ActiveRecord: 0.8ms)


Started POST "/auth/login" for ::1 at 2019-08-12 14:33:30 -0400
Processing by AuthenticationController#login as HTML
  Parameters: {"username"=>"terry", "password"=>"[FILTERED]", "authentication"=>{"username"=>"terry", "password"=>"[FILTERED]"}}
  [1m[36mUser Load (0.3ms)[0m  [1m[34mSELECT  "users".* FROM "users" WHERE "users"."username" = $1 LIMIT $2[0m  [["username", "terry"], ["LIMIT", 1]]
  ↳ app/controllers/authentication_controller.rb:4
Completed 200 OK in 200ms (Views: 0.4ms | ActiveRecord: 0.3ms)


Started GET "/users" for ::1 at 2019-08-12 14:34:16 -0400
Processing by UsersController#index as HTML
  [1m[36mUser Load (0.3ms)[0m  [1m[34mSELECT "users".* FROM "users"[0m
  ↳ app/controllers/users_controller.rb:7
  [1m[36mRecord Load (0.2ms)[0m  [1m[34mSELECT "records".* FROM "records" WHERE "records"."user_id" = $1[0m  [["user_id", 1]]
  ↳ app/controllers/users_controller.rb:7
  [1m[36mRecord Load (1.1ms)[0m  [1m[34mSELECT "records".* FROM "records" WHERE "records"."user_id" = $1[0m  [["user_id", 2]]
  ↳ app/controllers/users_controller.rb:7
  [1m[36mRecord Load (0.7ms)[0m  [1m[34mSELECT "records".* FROM "records" WHERE "records"."user_id" = $1[0m  [["user_id", 3]]
  ↳ app/controllers/users_controller.rb:7
Completed 200 OK in 28ms (Views: 25.5ms | ActiveRecord: 2.4ms)


Started POST "/auth/login" for ::1 at 2019-08-12 14:34:26 -0400
Processing by AuthenticationController#login as HTML
  Parameters: {"username"=>"terry", "password"=>"[FILTERED]", "authentication"=>{"username"=>"terry", "password"=>"[FILTERED]"}}
  [1m[36mUser Load (0.3ms)[0m  [1m[34mSELECT  "users".* FROM "users" WHERE "users"."username" = $1 LIMIT $2[0m  [["username", "terry"], ["LIMIT", 1]]
  ↳ app/controllers/authentication_controller.rb:4
Completed 200 OK in 194ms (Views: 0.3ms | ActiveRecord: 0.3ms)


Started GET "/users" for ::1 at 2019-08-12 14:34:44 -0400
Processing by UsersController#index as HTML
  [1m[36mUser Load (0.3ms)[0m  [1m[34mSELECT "users".* FROM "users"[0m
  ↳ app/controllers/users_controller.rb:7
  [1m[36mRecord Load (0.2ms)[0m  [1m[34mSELECT "records".* FROM "records" WHERE "records"."user_id" = $1[0m  [["user_id", 1]]
  ↳ app/controllers/users_controller.rb:7
  [1m[36mRecord Load (0.2ms)[0m  [1m[34mSELECT "records".* FROM "records" WHERE "records"."user_id" = $1[0m  [["user_id", 2]]
  ↳ app/controllers/users_controller.rb:7
  [1m[36mRecord Load (0.2ms)[0m  [1m[34mSELECT "records".* FROM "records" WHERE "records"."user_id" = $1[0m  [["user_id", 3]]
  ↳ app/controllers/users_controller.rb:7
Completed 200 OK in 7ms (Views: 5.9ms | ActiveRecord: 1.0ms)


Started POST "/auth/login" for ::1 at 2019-08-12 14:35:13 -0400
Processing by AuthenticationController#login as HTML
  Parameters: {"username"=>"terry", "password"=>"[FILTERED]", "authentication"=>{"username"=>"terry", "password"=>"[FILTERED]"}}
  [1m[36mUser Load (0.3ms)[0m  [1m[34mSELECT  "users".* FROM "users" WHERE "users"."username" = $1 LIMIT $2[0m  [["username", "terry"], ["LIMIT", 1]]
  ↳ app/controllers/authentication_controller.rb:4
Completed 200 OK in 191ms (Views: 0.3ms | ActiveRecord: 0.3ms)


Started GET "/users" for ::1 at 2019-08-12 14:35:53 -0400
Processing by UsersController#index as HTML
  [1m[36mUser Load (0.3ms)[0m  [1m[34mSELECT "users".* FROM "users"[0m
  ↳ app/controllers/users_controller.rb:7
  [1m[36mRecord Load (0.3ms)[0m  [1m[34mSELECT "records".* FROM "records" WHERE "records"."user_id" = $1[0m  [["user_id", 1]]
  ↳ app/controllers/users_controller.rb:7
  [1m[36mRecord Load (0.3ms)[0m  [1m[34mSELECT "records".* FROM "records" WHERE "records"."user_id" = $1[0m  [["user_id", 2]]
  ↳ app/controllers/users_controller.rb:7
  [1m[36mRecord Load (0.3ms)[0m  [1m[34mSELECT "records".* FROM "records" WHERE "records"."user_id" = $1[0m  [["user_id", 3]]
  ↳ app/controllers/users_controller.rb:7
Completed 200 OK in 10ms (Views: 8.8ms | ActiveRecord: 1.3ms)


Started GET "/users" for ::1 at 2019-08-12 14:36:03 -0400
Processing by UsersController#index as HTML
  [1m[36mUser Load (0.8ms)[0m  [1m[34mSELECT "users".* FROM "users"[0m
  ↳ app/controllers/users_controller.rb:7
  [1m[36mRecord Load (0.2ms)[0m  [1m[34mSELECT "records".* FROM "records" WHERE "records"."user_id" = $1[0m  [["user_id", 1]]
  ↳ app/controllers/users_controller.rb:7
  [1m[36mRecord Load (0.5ms)[0m  [1m[34mSELECT "records".* FROM "records" WHERE "records"."user_id" = $1[0m  [["user_id", 2]]
  ↳ app/controllers/users_controller.rb:7
  [1m[36mRecord Load (0.2ms)[0m  [1m[34mSELECT "records".* FROM "records" WHERE "records"."user_id" = $1[0m  [["user_id", 3]]
  ↳ app/controllers/users_controller.rb:7
Completed 200 OK in 12ms (Views: 10.0ms | ActiveRecord: 1.7ms)


Started POST "/auth/login" for ::1 at 2019-08-12 14:36:15 -0400
Processing by AuthenticationController#login as HTML
  Parameters: {"username"=>"terry", "password"=>"[FILTERED]", "authentication"=>{"username"=>"terry", "password"=>"[FILTERED]"}}
  [1m[36mUser Load (0.3ms)[0m  [1m[34mSELECT  "users".* FROM "users" WHERE "users"."username" = $1 LIMIT $2[0m  [["username", "terry"], ["LIMIT", 1]]
  ↳ app/controllers/authentication_controller.rb:4
Completed 200 OK in 196ms (Views: 0.3ms | ActiveRecord: 0.3ms)


Started GET "/users" for ::1 at 2019-08-12 14:38:05 -0400
Processing by UsersController#index as HTML
  [1m[36mUser Load (0.7ms)[0m  [1m[34mSELECT "users".* FROM "users"[0m
  ↳ app/controllers/users_controller.rb:7
  [1m[36mRecord Load (1.0ms)[0m  [1m[34mSELECT "records".* FROM "records" WHERE "records"."user_id" = $1[0m  [["user_id", 1]]
  ↳ app/controllers/users_controller.rb:7
  [1m[36mRecord Load (0.2ms)[0m  [1m[34mSELECT "records".* FROM "records" WHERE "records"."user_id" = $1[0m  [["user_id", 2]]
  ↳ app/controllers/users_controller.rb:7
  [1m[36mRecord Load (0.3ms)[0m  [1m[34mSELECT "records".* FROM "records" WHERE "records"."user_id" = $1[0m  [["user_id", 3]]
  ↳ app/controllers/users_controller.rb:7
Completed 200 OK in 27ms (Views: 21.8ms | ActiveRecord: 2.3ms)


Started GET "/users" for ::1 at 2019-08-12 14:40:11 -0400
Processing by UsersController#index as HTML
  [1m[36mUser Load (0.7ms)[0m  [1m[34mSELECT "users".* FROM "users"[0m
  ↳ app/controllers/users_controller.rb:7
  [1m[36mRecord Load (0.3ms)[0m  [1m[34mSELECT "records".* FROM "records" WHERE "records"."user_id" = $1[0m  [["user_id", 1]]
  ↳ app/controllers/users_controller.rb:7
  [1m[36mRecord Load (0.5ms)[0m  [1m[34mSELECT "records".* FROM "records" WHERE "records"."user_id" = $1[0m  [["user_id", 2]]
  ↳ app/controllers/users_controller.rb:7
  [1m[36mRecord Load (0.2ms)[0m  [1m[34mSELECT "records".* FROM "records" WHERE "records"."user_id" = $1[0m  [["user_id", 3]]
  ↳ app/controllers/users_controller.rb:7
Completed 200 OK in 12ms (Views: 10.5ms | ActiveRecord: 1.7ms)


Started POST "/auth/login" for ::1 at 2019-08-12 14:40:28 -0400
Processing by AuthenticationController#login as HTML
  Parameters: {"username"=>"terry", "password"=>"[FILTERED]", "authentication"=>{"username"=>"terry", "password"=>"[FILTERED]"}}
  [1m[36mUser Load (0.2ms)[0m  [1m[34mSELECT  "users".* FROM "users" WHERE "users"."username" = $1 LIMIT $2[0m  [["username", "terry"], ["LIMIT", 1]]
  ↳ app/controllers/authentication_controller.rb:4
Completed 200 OK in 193ms (Views: 0.5ms | ActiveRecord: 0.2ms)


Started GET "/users" for ::1 at 2019-08-12 14:41:11 -0400
Processing by UsersController#index as HTML
  [1m[36mUser Load (0.3ms)[0m  [1m[34mSELECT "users".* FROM "users"[0m
  ↳ app/controllers/users_controller.rb:7
  [1m[36mRecord Load (0.4ms)[0m  [1m[34mSELECT "records".* FROM "records" WHERE "records"."user_id" = $1[0m  [["user_id", 1]]
  ↳ app/controllers/users_controller.rb:7
  [1m[36mRecord Load (0.2ms)[0m  [1m[34mSELECT "records".* FROM "records" WHERE "records"."user_id" = $1[0m  [["user_id", 2]]
  ↳ app/controllers/users_controller.rb:7
  [1m[36mRecord Load (0.2ms)[0m  [1m[34mSELECT "records".* FROM "records" WHERE "records"."user_id" = $1[0m  [["user_id", 3]]
  ↳ app/controllers/users_controller.rb:7
Completed 200 OK in 11ms (Views: 9.6ms | ActiveRecord: 1.1ms)


